Bip !
Buuup...
Bip !
Bip !
Bip !
Bip !
Bip !
Bip !
Bip !
Bip !
Bip !
Bip !
Bip !
Bip !
Bip !
Bip !
Bip !
Bip !
Bip !
Bip !
Bip !
Bip !
Bip !
Bip !
Bip !
Bip !
Bip !
Bip !
Bip !
Bip !
Bip !
Bip !
Bip !
Bip !
Bip !
Bip !
Bip !
Bip !
Bip !
Bip !
Bip !
Bip !
Bip !
Bip !
Bip !
Bip !
Bip !
Bip !
Bip !
Bip !
Bip !
Bip !
Bip !
Bip !
Bip !
Bip !
Bip !
Bip !
Bip !
Bip !
Bip !
Bip !
Bip !
Bip !
Bip !
Bip !
Bip !
Bip !
Bip !
Bip !
Bip !
Bip !
Bip !
Bip !
Bip !
Bip !
Bip !
Bip !
Bip !
Bip !
Bip !
Bip !
Bip !
Bip !
Bip !
Bip !
Bip !
Bip !
Bip !
Bip !
Bip !
Bip !
Bip !
Bip !
Bip !
Bip !
Bip !
Bip !
Bip !
Bip !
Bip !
Bip !
Bip !
Bip !
Bip !
Buuuuuup... 
Bip !
Bip !
Bip !
Bip !
Bip !
Bip !
Bip !
Bip !
Bip !
Bip !
Bip !
Bip !
Bip !
Bip !
Bip !
Bip !
Bip !
Bip !
Bip !
Bip !
Bip !
Bip !
Bip !
Bip !
Bip !
Bip !
Bip !
Bip !
Bip !
Bip !
Bip !
Bip !
Bip !
Bip !
Bip !
Bip !
Bip !
Bip !
Bip !
Buuuuuup... 
Bip !
Bip !
Bip !
Bip !
Bip !
Bip !
Bip !
Bip !
Bip !
Bip !
Bip !
Bip !
Bip !
Bip !
Bip !
Bip !
Bip !
Buuuuuup... 
Bip !
Bip !
Bip !
Buuuuuup... 
Bip !
Bip !
Bip !
Bip !
Bip !
Bip !
Bip !
Buuuuuup... 
Bip !
Bip !
Bip !
Bip !
Bip !
Bip !
Bip !
Bip !
Bip !
Bip !
Bip !
Bip !
Bip !
Bip !
Bip !
Bip !
Bip !
Bip !
Bip !
Bip !
Bip !
Bip !
Bip !
Bip !
Bip !
Bip !
Bip !
Bip !
Bip !
Bip !
Bip !
Bip !
Bip !
Bip !
Bip !
Bip !
Bip !
Bip !
Bip !
Bip !
Buuuuuup (pgid=)... 
Bip !
Bip !
Bip !
Bip !
Bip !
Bip !
Bip !
Buuuuuup (pgid=)... 
Bip !
Bip !
Bip !
Bip !
Bip !
Bip !
Bip !
Bip !
Bip !
Bip !
Bip !
Bip !
Bip !
Bip !
Bip !
Bip !
Bip !
Bip !
Bip !
Bip !
Bip !
Bip !
Bip !
Bip !
Bip !
Bip !
Bip !
Bip !
Buuuuuup (pgid=21037)... 
Buuuuuup (pgid= 4357)... 
Buuuuuup (pgid= 5651)... 
Buuuuuup (pgid= 5926)... 
Buuuuuup (pgid= 6701)... 
Buuuuuup (pgid= 7914)... 
Buuuuuup (pgid= 8347)... 
Buuuuuup (pgid= 7041)... 
